<?xml version="1.0" encoding="UTF-8"?>
<testsuite xmlns:xsi="http://www.w3.org/2001/XMLSchema-instance" xsi:noNamespaceSchemaLocation="https://maven.apache.org/surefire/maven-surefire-plugin/xsd/surefire-test-report.xsd" name="com.internalproject.JUnitProject.MathUtilsTest" time="0.049" tests="10" errors="0" skipped="3" failures="0">
  <properties>
[...]
</properties>
  <testcase name="testAssumeTrue" classname="com.internalproject.JUnitProject.MathUtilsTest" time="0">
    <skipped message="got: &lt;false&gt;, expected: is &lt;true&gt;" type="org.junit.internal.AssumptionViolatedException"><![CDATA[org.junit.internal.AssumptionViolatedException: got: <false>, expected: is <true>
	at com.internalproject.JUnitProject.MathUtilsTest.testAssumeTrue(MathUtilsTest.java:96)
]]></skipped>
    <system-out><![CDATA[Cleaning up...
]]></system-out>
  </testcase>
  <testcase name="testConditionalExecution" classname="com.internalproject.JUnitProject.MathUtilsTest" time="0">
    <skipped message="Disabled on operating system: Windows 11"/>
  </testcase>
  <testcase name="testAdd" classname="com.internalproject.JUnitProject.MathUtilsTest" time="0.004"/>
  <testcase name="testComputeCircleArea" classname="com.internalproject.JUnitProject.MathUtilsTest" time="0.001"/>
  <testcase name="testDisabled" classname="com.internalproject.JUnitProject.MathUtilsTest" time="0">
    <skipped message="void com.internalproject.JUnitProject.MathUtilsTest.testDisabled() is @Disabled"/>
  </testcase>
  <testcase name="testDivide" classname="com.internalproject.JUnitProject.MathUtilsTest" time="0.001"/>
  <testcase name="testMultiply" classname="com.internalproject.JUnitProject.MathUtilsTest" time="0.002"/>
  <testcase name="testZero" classname="com.internalproject.JUnitProject.MathUtilsTest$SubtractTests" time="0.001"/>
  <testcase name="testPositive" classname="com.internalproject.JUnitProject.MathUtilsTest$SubtractTests" time="0"/>
  <testcase name="testNegative" classname="com.internalproject.JUnitProject.MathUtilsTest$SubtractTests" time="0"/>
</testsuite>